AdaBoostClassifier            (ScikitLearn)
BaggingClassifier             (ScikitLearn)
BayesianLDA                   (MultivariateStats)
BayesianLDA                   (ScikitLearn)
BayesianQDA                   (ScikitLearn)
BayesianSubspaceLDA           (MultivariateStats)
ConstantClassifier            (MLJModels)
DecisionTreeClassifier        (DecisionTree)
DummyClassifier               (ScikitLearn)
ExtraTreesClassifier          (ScikitLearn)
GaussianNBClassifier          (NaiveBayes)
GaussianNBClassifier          (ScikitLearn)
GaussianProcessClassifier     (ScikitLearn)
GradientBoostingClassifier    (ScikitLearn)
KNNClassifier                 (NearestNeighbors)
KNeighborsClassifier          (ScikitLearn)
LDA                           (MultivariateStats)
LogisticCVClassifier          (ScikitLearn)
LogisticClassifier            (MLJLinearModels)
LogisticClassifier            (ScikitLearn)
MultinomialClassifier         (MLJLinearModels)
ProbabilisticSGDClassifier    (ScikitLearn)
RandomForestClassifier        (ScikitLearn)
SubspaceLDA                   (MultivariateStats)
XGBoostClassifier             (XGBoost)
