AdaBoostClassifier            (ScikitLearn)
AdaBoostStumpClassifier       (DecisionTree)
BaggingClassifier             (ScikitLearn)
BayesianLDA                   (MultivariateStats)
BayesianLDA                   (ScikitLearn)
BayesianQDA                   (ScikitLearn)
BayesianSubspaceLDA           (MultivariateStats)
ConstantClassifier            (MLJModels)
DecisionTreeClassifier        (BetaML)
DecisionTreeClassifier        (DecisionTree)
DummyClassifier               (ScikitLearn)
EvoTreeClassifier             (EvoTrees)
ExtraTreesClassifier          (ScikitLearn)
GaussianNBClassifier          (NaiveBayes)
GaussianNBClassifier          (ScikitLearn)
GaussianProcessClassifier     (ScikitLearn)
GradientBoostingClassifier    (ScikitLearn)
KNNClassifier                 (NearestNeighborModels)
KNeighborsClassifier          (ScikitLearn)
KernelPerceptronClassifier    (BetaML)
LDA                           (MultivariateStats)
LGBMClassifier                (LightGBM)
LogisticCVClassifier          (ScikitLearn)
LogisticClassifier            (MLJLinearModels)
LogisticClassifier            (ScikitLearn)
MultinomialClassifier         (MLJLinearModels)
NeuralNetworkClassifier       (MLJFlux)
PegasosClassifier             (BetaML)
PerceptronClassifier          (BetaML)
ProbabilisticSGDClassifier    (ScikitLearn)
RandomForestClassifier        (BetaML)
RandomForestClassifier        (DecisionTree)
RandomForestClassifier        (ScikitLearn)
SubspaceLDA                   (MultivariateStats)
XGBoostClassifier             (XGBoost)
