ARDRegressor
AdaBoostRegressor
BaggingRegressor
BayesianRidgeRegressor
ConstantRegressor
DecisionTreeRegressor
DeterministicConstantRegressor
DummyRegressor
ElasticNetCVRegressor
ElasticNetRegressor
ElasticNetRegressor
EpsilonSVR
EvoTreeGaussian
EvoTreeRegressor
ExtraTreesRegressor
GaussianProcessRegressor
GradientBoostingRegressor
HuberRegressor
HuberRegressor
KNNRegressor
KNeighborsRegressor
LADRegressor
LGBMRegressor
LarsCVRegressor
LarsRegressor
LassoCVRegressor
LassoLarsCVRegressor
LassoLarsICRegressor
LassoLarsRegressor
LassoRegressor
LassoRegressor
LinearRegressor
LinearRegressor
LinearRegressor
NuSVR
OrthogonalMatchingPursuitCVRegressor
OrthogonalMatchingPursuitRegressor
PassiveAggressiveRegressor
QuantileRegressor
RANSACRegressor
RandomForestRegressor
RandomForestRegressor
RidgeCVRegressor
RidgeRegressor
RidgeRegressor
RidgeRegressor
RobustRegressor
SGDRegressor
SVMLRegressor
SVMNuRegressor
SVMRegressor
TheilSenRegressor
XGBoostRegressor
