ARDRegressor
AdaBoostRegressor
BaggingRegressor
BayesianRidgeRegressor
ConstantRegressor
DecisionTreeRegressor
DecisionTreeRegressor
DeterministicConstantRegressor
DummyRegressor
ElasticNetCVRegressor
ElasticNetRegressor
ElasticNetRegressor
EpsilonSVR
EvoTreeGaussian
EvoTreeRegressor
ExtraTreesRegressor
GaussianProcessRegressor
GradientBoostingRegressor
HuberRegressor
HuberRegressor
KNNRegressor
KNeighborsRegressor
KPLSRegressor
LADRegressor
LGBMRegressor
LarsCVRegressor
LarsRegressor
LassoCVRegressor
LassoLarsCVRegressor
LassoLarsICRegressor
LassoLarsRegressor
LassoRegressor
LassoRegressor
LinearRegressor
LinearRegressor
LinearRegressor
LinearRegressor
NeuralNetworkRegressor
NuSVR
OrthogonalMatchingPursuitCVRegressor
OrthogonalMatchingPursuitRegressor
PLSRegressor
PassiveAggressiveRegressor
QuantileRegressor
RANSACRegressor
RandomForestRegressor
RandomForestRegressor
RandomForestRegressor
RidgeCVRegressor
RidgeRegressor
RidgeRegressor
RidgeRegressor
RobustRegressor
SGDRegressor
SVMLinearRegressor
SVMNuRegressor
SVMRegressor
TheilSenRegressor
XGBoostRegressor
