surgery                       0.0
age                           0.0
rectal_temperature            18.9
pulse                         7.1
respiratory_rate              19.4
temperature_extremities       17.5
peripheral_pulse              22.7
mucous_membranes              13.1
capillary_refill_time         10.4
pain                          17.2
peristalsis                   13.9
abdominal_distension          17.5
nasogastric_tube              35.5
nasogastric_reflux            36.1
nasogastric_reflux_ph         81.1
feces                         34.7
abdomen                       39.1
packed_cell_volume            9.84
total_protein                 11.5
abdomcentesis_appearance      52.7
abdomcentesis_total_protein   63.9
outcome                       0.0
surgical_lesion               0.0
cp_data                       0.0
