(measure = [RootMeanSquaredError @221],
 measurement = [0.12367388032666658],
 per_fold = [[0.12367388032666658]],
 per_observation = [missing],
 fitted_params_per_fold =
     [(tree =
           NearestNeighbors.KDTree{StaticArrays.SVector{3, Float64}, Distances.Euclidean, Float64}
  Number of points: 210
  Dimensions: 3
  Metric: Distances.Euclidean(0.0)
  Reordered: true,)],
 report_per_fold = [()],
 train_test_rows = [([189,
                      268,
                      288,
                      75,
                      78,
                      65,
                      42,
                      133,
                      286,
                      282,
                      86,
                      227,
                      111,
                      289,
                      149,
                      14,
                      129,
                      238,
                      102,
                      122,
                      170,
                      191,
                      273,
                      95,
                      193,
                      114,
                      146,
                      290,
                      138,
                      68,
                      70,
                      120,
                      223,
                      272,
                      226,
                      233,
                      29,
                      231,
                      115,
                      293,
                      287,
                      252,
                      17,
                      43,
                      228,
                      45,
                      239,
                      135,
                      162,
                      83,
                      130,
                      220,
                      180,
                      94,
                      109,
                      254,
                      264,
                      234,
                      267,
                      127,
                      247,
                      140,
                      207,
                      7,
                      283,
                      15,
                      251,
                      255,
                      281,
                      23,
                      143,
                      69,
                      87,
                      212,
                      139,
                      132,
                      243,
                      278,
                      85,
                      298,
                      98,
                      100,
                      199,
                      67,
                      277,
                      118,
                      245,
                      225,
                      211,
                      263,
                      164,
                      99,
                      274,
                      50,
                      159,
                      195,
                      36,
                      66,
                      183,
                      9,
                      25,
                      284,
                      88,
                      165,
                      262,
                      59,
                      113,
                      275,
                      224,
                      217,
                      270,
                      108,
                      184,
                      221,
                      30,
                      117,
                      38,
                      161,
                      197,
                      128,
                      240,
                      216,
                      119,
                      33,
                      241,
                      96,
                      144,
                      285,
                      10,
                      205,
                      177,
                      218,
                      148,
                      6,
                      58,
                      236,
                      28,
                      154,
                      173,
                      186,
                      64,
                      60,
                      39,
                      124,
                      5,
                      91,
                      105,
                      123,
                      172,
                      209,
                      31,
                      137,
                      16,
                      244,
                      8,
                      256,
                      156,
                      229,
                      214,
                      136,
                      210,
                      41,
                      3,
                      101,
                      12,
                      153,
                      19,
                      47,
                      279,
                      259,
                      54,
                      242,
                      104,
                      134,
                      230,
                      155,
                      280,
                      21,
                      187,
                      82,
                      2,
                      73,
                      299,
                      266,
                      237,
                      181,
                      80,
                      97,
                      248,
                      176,
                      179,
                      276,
                      258,
                      168,
                      163,
                      76,
                      92,
                      121,
                      294,
                      145,
                      61,
                      222,
                      198,
                      213,
                      37,
                      202,
                      57,
                      49,
                      235,
                      178],
                     [22,
                      150,
                      1,
                      160,
                      18,
                      141,
                      166,
                      103,
                      79,
                      4,
                      11,
                      13,
                      110,
                      232,
                      74,
                      260,
                      48,
                      200,
                      158,
                      174,
                      112,
                      72,
                      35,
                      126,
                      271,
                      52,
                      190,
                      219,
                      147,
                      250,
                      185,
                      169,
                      192,
                      215,
                      157,
                      106,
                      84,
                      71,
                      167,
                      20,
                      203,
                      27,
                      175,
                      51,
                      93,
                      188,
                      249,
                      63,
                      201,
                      292,
                      125,
                      89,
                      34,
                      90,
                      32,
                      77,
                      206,
                      24,
                      55,
                      296,
                      81,
                      300,
                      171,
                      26,
                      261,
                      116,
                      204,
                      196,
                      194,
                      246,
                      291,
                      151,
                      46,
                      297,
                      269,
                      62,
                      56,
                      257,
                      142,
                      152,
                      53,
                      107,
                      40,
                      253,
                      131,
                      208,
                      295,
                      182,
                      265,
                      44])])